2021-05-24 15:01:18 [root] WARNING: /job/XYsai/
2021-05-24 15:01:18 [root] WARNING: /job/XYsam/
2021-05-24 15:01:18 [root] WARNING: /job/XYsah/
2021-05-24 15:01:18 [root] WARNING: /job/X8sP8/
2021-05-24 15:01:18 [root] WARNING: /job/XYsaG/
2021-05-24 15:01:18 [root] WARNING: /job/XYsaQ/
2021-05-24 15:01:18 [root] WARNING: /job/X8sPY/
2021-05-24 15:01:18 [root] WARNING: /job/XYs9E/
2021-05-24 15:01:18 [root] WARNING: /job/XYsaZ/
2021-05-24 15:01:18 [root] WARNING: /job/XYs9q/
2021-05-24 15:01:18 [root] WARNING: /job/XQsKy/
2021-05-24 15:01:18 [root] WARNING: /job/Xssc0/
2021-05-24 15:01:18 [root] WARNING: /job/X7sPv/
2021-05-24 15:01:18 [root] WARNING: /job/X3s2D/
2021-05-24 15:01:18 [root] WARNING: /job/XisT3/
2021-05-24 15:01:18 [root] WARNING: /job/XssbJ/
2021-05-24 15:01:18 [root] WARNING: /job/Xis2U/
2021-05-24 15:01:18 [root] WARNING: /job/XKstf/
2021-05-24 15:01:18 [root] WARNING: /job/XassU/
2021-05-24 15:01:18 [root] WARNING: /job/XSsGI/
2021-05-24 15:01:19 [root] WARNING: /job/XSsG7/
2021-05-24 15:01:19 [root] WARNING: /job/Xis2b/
2021-05-24 15:01:19 [root] WARNING: /job/X3srr/
2021-05-24 15:01:19 [root] WARNING: /job/X3sf4/
2021-05-24 15:01:19 [root] WARNING: /job/Xlsjv/
2021-05-24 15:01:19 [root] WARNING: /job/Xlsjq/
2021-05-24 15:01:19 [root] WARNING: /job/Xlsj4/
2021-05-24 15:01:19 [root] WARNING: /job/XlsjN/
2021-05-24 15:01:19 [root] WARNING: /job/Xlsjf/
2021-05-24 15:01:19 [root] WARNING: /job/XlsjH/
2021-05-24 15:01:19 [root] WARNING: /job/Xlsjp/
2021-05-24 15:01:19 [root] WARNING: /job/Xlsjr/
2021-05-24 15:01:19 [root] WARNING: /job/Xlsj5/
2021-05-24 15:01:19 [root] WARNING: /job/Xls0O/
2021-05-24 15:01:19 [root] WARNING: /job/X3s38/
2021-05-24 15:01:19 [root] WARNING: /job/X3s3N/
2021-05-24 15:01:19 [root] WARNING: /job/X3s3a/
2021-05-24 15:01:21 [root] WARNING: /job/X3s3J/
2021-05-24 15:01:21 [root] WARNING: /job/X3s37/
2021-05-24 15:01:21 [root] WARNING: /job/XCsrK/
2021-05-24 15:01:21 [root] WARNING: /job/XlsCK/
2021-05-24 15:01:21 [root] WARNING: /job/X7s6a/
2021-05-24 15:01:21 [root] WARNING: /job/XasRP/
2021-05-24 15:01:21 [root] WARNING: /job/XasRJ/
2021-05-24 15:01:21 [root] WARNING: /job/XasRK/
2021-05-24 15:01:21 [root] WARNING: /job/XasRt/
2021-05-24 15:01:21 [root] WARNING: /job/XPs52/
2021-05-24 15:01:21 [root] WARNING: /job/XPs5U/
2021-05-24 15:01:21 [root] WARNING: /job/XKskm/
2021-05-24 15:01:21 [root] WARNING: /job/XPsyl/
2021-05-24 15:01:22 [root] WARNING: /job/XEs2y/
2021-05-24 15:01:22 [root] WARNING: /job/XKs5r/
2021-05-24 15:01:22 [root] WARNING: /job/XPsUE/
2021-05-24 15:01:22 [root] WARNING: /job/XusHd/
2021-05-24 15:01:22 [root] WARNING: /job/XusH2/
2021-05-24 15:01:22 [root] WARNING: /job/XusHu/
2021-05-24 15:01:22 [root] WARNING: /job/XQsS0/
2021-05-24 15:01:22 [root] WARNING: /job/XosZY/
2021-05-24 15:01:22 [root] WARNING: /job/X3sbi/
2021-05-24 15:01:22 [root] WARNING: /job/X3sb3/
2021-05-24 15:01:22 [root] WARNING: /job/X3sbS/
2021-05-24 15:01:22 [root] WARNING: /job/X3sba/
2021-05-24 15:01:22 [root] WARNING: /job/X3sbK/
2021-05-24 15:01:22 [root] WARNING: /job/X3sbJ/
2021-05-24 15:01:22 [root] WARNING: /job/X3sb9/
2021-05-24 15:01:24 [root] WARNING: /job/X3s2Z/
2021-05-24 15:01:24 [root] WARNING: /job/X3s2Q/
2021-05-24 15:01:24 [root] WARNING: /job/X3s2g/
2021-05-24 15:01:24 [root] WARNING: /job/X3s2e/
2021-05-24 15:01:24 [root] WARNING: /job/X3s2E/
2021-05-24 15:01:24 [root] WARNING: /job/X3s2V/
2021-05-24 15:01:24 [root] WARNING: /job/XPsSs/
2021-05-24 15:01:24 [root] WARNING: /job/XPsSe/
2021-05-24 15:01:24 [root] WARNING: /job/XPsSQ/
2021-05-24 15:01:24 [root] WARNING: /job/XPsSg/
2021-05-24 15:01:24 [root] WARNING: /job/XPsSD/
2021-05-24 15:01:24 [root] WARNING: /job/XPsSy/
2021-05-24 15:01:24 [root] WARNING: /job/XPsSE/
2021-05-24 15:01:24 [root] WARNING: /job/XPsST/
2021-05-24 15:01:24 [root] WARNING: /job/XPsSV/
2021-05-24 15:01:24 [root] WARNING: /job/X7sJO/
2021-05-24 15:01:24 [root] WARNING: /job/X7sPH/
2021-05-24 15:01:24 [root] WARNING: /job/X7sPr/
2021-05-24 15:01:24 [root] WARNING: /job/X7sP4/
2021-05-24 15:01:24 [root] WARNING: /job/X7sKj/
2021-05-24 15:01:24 [root] WARNING: /job/X7sP5/
2021-05-24 15:01:24 [root] WARNING: /job/X7sK0/
2021-05-24 15:01:24 [root] WARNING: /job/X7sPq/
2021-05-24 15:01:24 [root] WARNING: /job/X7sKL/
2021-05-24 15:01:24 [root] WARNING: /job/X7sKF/
2021-05-24 15:01:25 [root] WARNING: /job/X7sKO/
2021-05-24 15:01:25 [root] WARNING: /job/XlsRq/
2021-05-24 15:01:25 [root] WARNING: /job/XlsRM/
2021-05-24 15:01:25 [root] WARNING: /job/XlsRd/
2021-05-24 15:01:25 [root] WARNING: /job/XlsRi/
2021-05-24 15:01:25 [root] WARNING: /job/Xos3K/
2021-05-24 15:01:25 [root] WARNING: /job/Xos3Q/
2021-05-24 15:01:25 [root] WARNING: /job/Xos3E/
2021-05-24 15:01:25 [root] WARNING: /job/Xos3S/
2021-05-24 15:01:25 [root] WARNING: /job/Xos3a/
2021-05-24 15:01:25 [root] WARNING: /job/Xos33/
2021-05-24 15:01:26 [root] WARNING: /job/Xds5r/
2021-05-24 15:01:26 [root] WARNING: /job/XlsRx/
2021-05-24 15:01:26 [root] WARNING: /job/XlsRv/
2021-05-24 15:01:26 [root] WARNING: /job/XlsRE/
2021-05-24 15:01:26 [root] WARNING: /job/XlsRV/
2021-05-24 15:01:26 [root] WARNING: /job/XlsRJ/
2021-05-24 15:01:29 [root] WARNING: /job/XlsGQ/
2021-05-24 15:01:29 [root] WARNING: /job/X3sGO/
2021-05-24 15:01:29 [root] WARNING: /job/XlszB/
2021-05-24 15:01:29 [root] WARNING: /job/XlszP/
2021-05-24 15:01:29 [root] WARNING: /job/XlszS/
2021-05-24 15:01:29 [root] WARNING: /job/XlszE/
2021-05-24 15:01:29 [root] WARNING: /job/Xlszg/
2021-05-24 15:01:29 [root] WARNING: /job/Xlsze/
2021-05-24 15:01:29 [root] WARNING: /job/Xlsz6/
2021-05-24 15:01:29 [root] WARNING: /job/Xlsh2/
2021-05-24 15:01:30 [root] WARNING: /job/Xlshu/
2021-05-24 15:01:30 [root] WARNING: /job/XMs0a/
2021-05-24 15:01:30 [root] WARNING: /job/XxsPk/
2021-05-24 15:01:30 [root] WARNING: /job/Xks7f/
2021-05-24 15:01:30 [root] WARNING: /job/Xns4Y/
2021-05-24 15:01:30 [root] WARNING: /job/Xns4B/
2021-05-24 15:01:30 [root] WARNING: /job/Xts78/
2021-05-24 15:01:30 [root] WARNING: /job/Xlsu5/
2021-05-24 15:01:31 [root] WARNING: /job/XlsC9/
2021-05-24 15:01:31 [root] WARNING: /job/XlsCP/
2021-05-24 15:01:31 [root] WARNING: /job/XlsC7/
2021-05-24 15:01:31 [root] WARNING: /job/XSsuk/
2021-05-24 15:01:31 [root] WARNING: /job/Xkska/
2021-05-24 15:01:31 [root] WARNING: /job/Xss1V/
2021-05-24 15:01:31 [root] WARNING: /job/XCs4E/
2021-05-24 15:01:31 [root] WARNING: /job/XusIl/
2021-05-24 15:01:31 [root] WARNING: /job/XusIW/
2021-05-24 15:01:31 [root] WARNING: /job/XusIb/
2021-05-24 15:01:31 [root] WARNING: /job/Xlsnu/
2021-05-24 15:01:31 [root] WARNING: /job/XCsvA/
2021-05-24 15:01:31 [root] WARNING: /job/Xlsnn/
2021-05-24 15:01:31 [root] WARNING: /job/Xlsng/
2021-05-24 15:01:33 [root] WARNING: /job/XlsMz/
2021-05-24 15:01:33 [root] WARNING: /job/XlsMa/
2021-05-24 15:01:33 [root] WARNING: /job/XVs5M/
2021-05-24 15:01:33 [root] WARNING: /job/XVs5x/
2021-05-24 15:01:33 [root] WARNING: /job/XEshT/
2021-05-24 15:01:33 [root] WARNING: /job/XiseV/
2021-05-24 15:01:33 [root] WARNING: /job/XiseC/
2021-05-24 15:01:33 [root] WARNING: /job/Xus9J/
2021-05-24 15:01:33 [root] WARNING: /job/XIsU4/
2021-05-24 15:01:33 [root] WARNING: /job/XwsRN/
2021-05-24 15:01:33 [root] WARNING: /job/XEsww/
2021-05-24 15:01:33 [root] WARNING: /job/Xasa1/
2021-05-24 15:01:33 [root] WARNING: /job/XMsAR/
2021-05-24 15:01:34 [root] WARNING: /job/Xasjq/
2021-05-24 15:01:34 [root] WARNING: /job/Xas0G/
2021-05-24 15:01:34 [root] WARNING: /job/Xus8s/
2021-05-24 15:01:34 [root] WARNING: /job/XTs0Q/
2021-05-24 15:01:34 [root] WARNING: /job/XisTJ/
2021-05-24 15:01:34 [root] WARNING: /job/XiseA/
2021-05-24 15:01:34 [root] WARNING: /job/Xkscb/
2021-05-24 15:01:34 [root] WARNING: /job/XtsS6/
2021-05-24 15:01:34 [root] WARNING: /job/XEs21/
2021-05-24 15:01:34 [root] WARNING: /job/X3s75/
2021-05-24 15:01:34 [root] WARNING: /job/X9sLR/
2021-05-24 15:01:34 [root] WARNING: /job/X3s7q/
2021-05-24 15:01:35 [root] WARNING: /job/Xnsui/
2021-05-24 15:01:35 [root] WARNING: /job/X8sYq/
2021-05-24 15:01:35 [root] WARNING: /job/Xtsro/
2021-05-24 15:01:35 [root] WARNING: /job/XksqH/
2021-05-24 15:01:35 [root] WARNING: /job/XisTN/
2021-05-24 15:01:35 [root] WARNING: /job/XisTf/
2021-05-24 15:01:35 [root] WARNING: /job/XisVJ/
2021-05-24 15:01:35 [root] WARNING: /job/XisVK/
2021-05-24 15:01:35 [root] WARNING: /job/XisVU/
2021-05-24 15:01:35 [root] WARNING: /job/XisV2/
2021-05-24 15:01:35 [root] WARNING: /job/XnsmR/
2021-05-24 15:01:36 [root] WARNING: /job/XlsVQ/
2021-05-24 15:01:36 [root] WARNING: /job/XMsMq/
2021-05-24 15:01:36 [root] WARNING: /job/X7s69/
2021-05-24 15:01:36 [root] WARNING: /job/XCsze/
2021-05-24 15:01:36 [root] WARNING: /job/XBsid/
2021-05-24 15:01:36 [root] WARNING: /job/XKslu/
2021-05-24 15:01:36 [root] WARNING: /job/XKsln/
2021-05-24 15:01:36 [root] WARNING: /job/XosL0/
2021-05-24 15:01:36 [root] WARNING: /job/XosLL/
2021-05-24 15:01:36 [root] WARNING: /job/XKskO/
2021-05-24 15:01:36 [root] WARNING: /job/XBsio/
2021-05-24 15:01:36 [root] WARNING: /job/XCsyY/
2021-05-24 15:01:38 [root] WARNING: /job/XwsZd/
2021-05-24 15:01:38 [root] WARNING: /job/X3sGF/
2021-05-24 15:01:38 [root] WARNING: /job/XlspO/
2021-05-24 15:01:38 [root] WARNING: /job/XlspR/
2021-05-24 15:01:38 [root] WARNING: /job/XPsJ6/
2021-05-24 15:01:38 [root] WARNING: /job/XPsJT/
2021-05-24 15:01:38 [root] WARNING: /job/XPsi0/
2021-05-24 15:01:38 [root] WARNING: /job/Xlspe/
2021-05-24 15:01:38 [root] WARNING: /job/XMsf5/
2021-05-24 15:01:38 [root] WARNING: /job/Xks3L/
2021-05-24 15:01:39 [root] WARNING: /job/XKsxG/
2021-05-24 15:01:39 [root] WARNING: /job/XosA2/
2021-05-24 15:01:39 [root] WARNING: /job/XusIU/
2021-05-24 15:01:39 [root] WARNING: /job/XusIk/
2021-05-24 15:01:40 [root] WARNING: /job/XCsIm/
2021-05-24 15:01:40 [root] WARNING: /job/X8sBt/
2021-05-24 15:01:40 [root] WARNING: /job/X8sBu/
2021-05-24 15:01:40 [root] WARNING: /job/X8sBk/
2021-05-24 15:01:40 [root] WARNING: /job/X8sBl/
2021-05-24 15:01:40 [root] WARNING: /job/X8sBn/
2021-05-24 15:01:40 [root] WARNING: /job/X8sBC/
2021-05-24 15:01:40 [root] WARNING: /job/Xisk3/
2021-05-24 15:01:40 [root] WARNING: /job/XZsX6/
2021-05-24 15:01:40 [root] WARNING: /job/Xxs4f/
2021-05-24 15:01:40 [root] WARNING: /job/Xtswl/
2021-05-24 15:01:40 [root] WARNING: /job/XZsrN/
2021-05-24 15:01:40 [root] WARNING: /job/XZsrE/
2021-05-24 15:01:40 [root] WARNING: /job/XZsrK/
2021-05-24 15:01:40 [root] WARNING: /job/Xks7p/
2021-05-24 15:01:40 [root] WARNING: /job/XksJV/
2021-05-24 15:01:41 [root] WARNING: /job/XisTn/
2021-05-24 15:01:41 [root] WARNING: /job/Xise9/
2021-05-24 15:01:41 [root] WARNING: /job/XAsc6/
2021-05-24 15:01:41 [root] WARNING: /job/XJs4e/
2021-05-24 15:01:41 [root] WARNING: /job/XJsqr/
2021-05-24 15:01:41 [root] WARNING: /job/XJs49/
2021-05-24 15:01:41 [root] WARNING: /job/XnsB5/
2021-05-24 15:01:41 [root] WARNING: /job/XnsBl/
2021-05-24 15:01:41 [root] WARNING: /job/XnsBQ/
2021-05-24 15:01:42 [root] WARNING: /job/XnsBh/
2021-05-24 15:01:42 [root] WARNING: /job/XnsdO/
2021-05-24 15:01:42 [root] WARNING: /job/XnsBo/
2021-05-24 15:01:42 [root] WARNING: /job/Xnsdl/
2021-05-24 15:01:42 [root] WARNING: /job/Xes4y/
2021-05-24 15:01:42 [root] WARNING: /job/XiskY/
2021-05-24 15:01:42 [root] WARNING: /job/XJsH4/
2021-05-24 15:01:42 [root] WARNING: /job/XmsZh/
2021-05-24 15:01:42 [root] WARNING: /job/XusFy/
2021-05-24 15:01:42 [root] WARNING: /job/XuscF/
2021-05-24 15:01:42 [root] WARNING: /job/XMsfv/
2021-05-24 15:01:43 [root] WARNING: /job/Xtshu/
2021-05-24 15:01:43 [root] WARNING: /job/Xtshc/
2021-05-24 15:01:43 [root] WARNING: /job/Xustp/
2021-05-24 15:01:43 [root] WARNING: /job/Xks7B/
2021-05-24 15:01:43 [root] WARNING: /job/Xks7d/
2021-05-24 15:01:43 [root] WARNING: /job/XasBh/
2021-05-24 15:01:43 [root] WARNING: /job/XZsXc/
2021-05-24 15:01:43 [root] WARNING: /job/XCs1D/
2021-05-24 15:01:43 [root] WARNING: /job/XZsX1/
2021-05-24 15:01:43 [root] WARNING: /job/XksJg/
2021-05-24 15:01:43 [root] WARNING: /job/XksJy/
2021-05-24 15:01:43 [root] WARNING: /job/XiskN/
2021-05-24 15:01:43 [root] WARNING: /job/XisjO/
2021-05-24 15:01:43 [root] WARNING: /job/Xks9Z/
2021-05-24 15:01:45 [root] WARNING: /job/X7s9n/
2021-05-24 15:01:45 [root] WARNING: /job/XesqC/
2021-05-24 15:01:45 [root] WARNING: /job/XYsUi/
2021-05-24 15:01:45 [root] WARNING: /job/XYsU9/
2021-05-24 15:01:45 [root] WARNING: /job/X8swM/
2021-05-24 15:01:45 [root] WARNING: /job/XJsMI/
2021-05-24 15:01:45 [root] WARNING: /job/XTsy9/
2021-05-24 15:01:45 [root] WARNING: /job/XksvR/
2021-05-24 15:01:45 [root] WARNING: /job/XJsHK/
2021-05-24 15:01:45 [root] WARNING: /job/XisuL/
2021-05-24 15:01:45 [root] WARNING: /job/XIshj/
2021-05-24 15:01:45 [root] WARNING: /job/XIs2L/
2021-05-24 15:01:45 [root] WARNING: /job/XCsp7/
2021-05-24 15:01:45 [root] WARNING: /job/Xks5s/
2021-05-24 15:01:45 [root] WARNING: /job/XksNT/
2021-05-24 15:01:45 [root] WARNING: /job/XBspx/
2021-05-24 15:01:46 [root] WARNING: /job/XBspK/
2021-05-24 15:01:46 [root] WARNING: /job/Xss1f/
2021-05-24 15:01:46 [root] WARNING: /job/XYszR/
2021-05-24 15:01:46 [root] WARNING: /job/Xdsu6/
2021-05-24 15:01:46 [root] WARNING: /job/XusKB/
2021-05-24 15:01:47 [root] WARNING: /job/Xxs4p/
2021-05-24 15:01:47 [root] WARNING: /job/XyskI/
2021-05-24 15:01:47 [root] WARNING: /job/XXseQ/
2021-05-24 15:01:49 [root] WARNING: /job/XMssN/
2021-05-24 15:01:49 [root] WARNING: /job/XtsSL/
2021-05-24 15:01:49 [root] WARNING: /job/XSsUy/
2021-05-24 15:01:49 [root] WARNING: /job/XusdG/
2021-05-24 15:01:49 [root] WARNING: /job/XIshW/
2021-05-24 15:01:49 [root] WARNING: /job/XIshc/
2021-05-24 15:01:49 [root] WARNING: /job/XJsHH/
2021-05-24 15:01:49 [root] WARNING: /job/XIsU5/
2021-05-24 15:01:49 [root] WARNING: /job/XiskE/
2021-05-24 15:01:49 [root] WARNING: /job/XisjL/
2021-05-24 15:01:49 [root] WARNING: /job/Xisk6/
2021-05-24 15:01:49 [root] WARNING: /job/Xusdi/
2021-05-24 15:01:49 [root] WARNING: /job/XusdQ/
2021-05-24 15:01:49 [root] WARNING: /job/XusdE/
2021-05-24 15:01:49 [root] WARNING: /job/XusdD/
2021-05-24 15:01:49 [root] WARNING: /job/Xwsgw/
2021-05-24 15:01:49 [root] WARNING: /job/XosJC/
2021-05-24 15:01:49 [root] WARNING: /job/XEsUz/
2021-05-24 15:01:49 [root] WARNING: /job/XAsua/
2021-05-24 15:01:49 [root] WARNING: /job/XPsEo/
2021-05-24 15:01:49 [root] WARNING: /job/XPsEw/
2021-05-24 15:01:49 [root] WARNING: /job/XPsfN/
2021-05-24 15:01:49 [root] WARNING: /job/XKs54/
2021-05-24 15:01:49 [root] WARNING: /job/Xsscx/
2021-05-24 15:01:49 [root] WARNING: /job/X3sPj/
2021-05-24 15:01:49 [root] WARNING: /job/XMsfq/
2021-05-24 15:01:49 [root] WARNING: /job/XusI2/
2021-05-24 15:01:51 [root] WARNING: /job/X3s7v/
2021-05-24 15:01:51 [root] WARNING: /job/Xesue/
2021-05-24 15:01:51 [root] WARNING: /job/XVs58/
2021-05-24 15:01:51 [root] WARNING: /job/XgsZZ/
2021-05-24 15:01:51 [root] WARNING: /job/XXs4b/
2021-05-24 15:01:52 [root] WARNING: /job/XMsmC/
2021-05-24 15:01:52 [root] WARNING: /job/XwsZ9/
2021-05-24 15:01:52 [root] WARNING: /job/XwsZM/
2021-05-24 15:01:52 [root] WARNING: /job/Xns4d/
2021-05-24 15:01:52 [root] WARNING: /job/Xns4a/
2021-05-24 15:01:52 [root] WARNING: /job/Xns4w/
2021-05-24 15:01:52 [root] WARNING: /job/Xns4m/
2021-05-24 15:01:52 [root] WARNING: /job/Xns4S/
2021-05-24 15:01:52 [root] WARNING: /job/Xns4x/
2021-05-24 15:01:52 [root] WARNING: /job/XCsWl/
2021-05-24 15:01:52 [root] WARNING: /job/XCsOy/
2021-05-24 15:01:52 [root] WARNING: /job/XAsun/
2021-05-24 15:01:53 [root] WARNING: /job/XBsG5/
2021-05-24 15:01:53 [root] WARNING: /job/XZsXG/
2021-05-24 15:01:53 [root] WARNING: /job/Xns8z/
2021-05-24 15:01:53 [root] WARNING: /job/XCs2Q/
2021-05-24 15:01:53 [root] WARNING: /job/X7sjC/
2021-05-24 15:01:53 [root] WARNING: /job/XKsEh/
2021-05-24 15:01:53 [root] WARNING: /job/XCsux/
2021-05-24 15:01:53 [root] WARNING: /job/XCsxN/
2021-05-24 15:01:53 [root] WARNING: /job/XCsuV/
2021-05-24 15:01:53 [root] WARNING: /job/XIsME/
2021-05-24 15:01:53 [root] WARNING: /job/XCsnd/
2021-05-24 15:01:53 [root] WARNING: /job/XCsn3/
2021-05-24 15:01:53 [root] WARNING: /job/XMs77/
2021-05-24 15:01:55 [root] WARNING: /job/XxsMJ/
2021-05-24 15:01:55 [root] WARNING: /job/XxsMK/
2021-05-24 15:01:55 [root] WARNING: /job/Xts09/
2021-05-24 15:01:55 [root] WARNING: /job/XwsFD/
2021-05-24 15:01:55 [root] WARNING: /job/XwsFe/
2021-05-24 15:01:55 [root] WARNING: /job/XPsS1/
2021-05-24 15:01:56 [root] WARNING: /job/X3s74/
2021-05-24 15:01:56 [root] WARNING: /job/XisT9/
2021-05-24 15:01:56 [root] WARNING: /job/Xise5/
2021-05-24 15:01:56 [root] WARNING: /job/XisT8/
2021-05-24 15:01:56 [root] WARNING: /job/XYsUa/
2021-05-24 15:01:56 [root] WARNING: /job/XnsaG/
2021-05-24 15:01:56 [root] WARNING: /job/Xns9k/
2021-05-24 15:01:56 [root] WARNING: /job/Xns92/
2021-05-24 15:01:57 [root] WARNING: /job/Xnst5/
2021-05-24 15:01:57 [root] WARNING: /job/Xnstr/
2021-05-24 15:01:57 [root] WARNING: /job/XCspi/
2021-05-24 15:01:59 [root] WARNING: /job/XoswV/
2021-05-24 15:01:59 [root] WARNING: /job/XisVN/
2021-05-24 15:01:59 [root] WARNING: /job/Xtsjd/
2021-05-24 15:01:59 [root] WARNING: /job/XwsRT/
2021-05-24 15:01:59 [root] WARNING: /job/XtsWS/
2021-05-24 15:01:59 [root] WARNING: /job/XtsWZ/
2021-05-24 15:02:00 [root] WARNING: /job/XwsnT/
2021-05-24 15:02:00 [root] WARNING: /job/Xwsnf/
2021-05-24 15:02:00 [root] WARNING: /job/XwsnA/
2021-05-24 15:02:00 [root] WARNING: /job/Xds1C/
2021-05-24 15:02:00 [root] WARNING: /job/XJsVu/
2021-05-24 15:02:00 [root] WARNING: /job/XJsV2/
2021-05-24 15:02:00 [root] WARNING: /job/Xss1q/
2021-05-24 15:02:00 [root] WARNING: /job/XisT2/
2021-05-24 15:02:01 [root] WARNING: /job/XssbT/
2021-05-24 15:02:01 [root] WARNING: /job/Xssbe/
2021-05-24 15:02:01 [root] WARNING: /job/XtsAY/
2021-05-24 15:02:01 [root] WARNING: /job/XBspk/
2021-05-24 15:02:01 [root] WARNING: /job/XBspw/
2021-05-24 15:02:01 [root] WARNING: /job/XdsOX/
2021-05-24 15:02:01 [root] WARNING: /job/XdsOm/
2021-05-24 15:02:01 [root] WARNING: /job/XasaG/
2021-05-24 15:02:01 [root] WARNING: /job/Xasab/
2021-05-24 15:02:01 [root] WARNING: /job/Xnsw5/
2021-05-24 15:02:01 [root] WARNING: /job/XnsMc/
2021-05-24 15:02:01 [root] WARNING: /job/Xns43/
2021-05-24 15:02:01 [root] WARNING: /job/Xns4I/
2021-05-24 15:02:01 [root] WARNING: /job/Xns4J/
2021-05-24 15:02:01 [root] WARNING: /job/XwsZn/
2021-05-24 15:02:02 [root] WARNING: /job/XwsZx/
2021-05-24 15:02:02 [root] WARNING: /job/XwsZ8/
2021-05-24 15:02:02 [root] WARNING: /job/XwsZB/
2021-05-24 15:02:02 [root] WARNING: /job/XwsZo/
2021-05-24 15:02:02 [root] WARNING: /job/XtsvG/
2021-05-24 15:02:02 [root] WARNING: /job/Xns4A/
2021-05-24 15:02:02 [root] WARNING: /job/Xns4X/
2021-05-24 15:02:02 [root] WARNING: /job/Xns49/
2021-05-24 15:02:02 [root] WARNING: /job/Xns4K/
2021-05-24 15:02:02 [root] WARNING: /job/Xns4o/
2021-05-24 15:02:02 [root] WARNING: /job/Xns48/
2021-05-24 15:02:02 [root] WARNING: /job/Xns4M/
2021-05-24 15:02:02 [root] WARNING: /job/Xns4i/
2021-05-24 15:02:02 [root] WARNING: /job/Xns4P/
2021-05-24 15:02:02 [root] WARNING: /job/Xns47/
2021-05-24 15:02:02 [root] WARNING: /job/Xisee/
2021-05-24 15:02:04 [root] WARNING: /job/XJsVk/
2021-05-24 15:02:04 [root] WARNING: /job/XQs3H/
2021-05-24 15:02:04 [root] WARNING: /job/Xns1K/
2021-05-24 15:02:05 [root] WARNING: /job/Xns2E/
2021-05-24 15:02:05 [root] WARNING: /job/XnsCr/
2021-05-24 15:02:06 [root] WARNING: /job/XVsyo/
2021-05-24 15:02:06 [root] WARNING: /job/XVsy7/
2021-05-24 15:02:06 [root] WARNING: /job/XgsIt/
2021-05-24 15:02:06 [root] WARNING: /job/XwsZK/
2021-05-24 15:02:06 [root] WARNING: /job/XPszv/
2021-05-24 15:02:06 [root] WARNING: /job/XDs7f/
2021-05-24 15:02:06 [root] WARNING: /job/XnsZw/
2021-05-24 15:02:07 [root] WARNING: /job/XnsQT/
2021-05-24 15:02:07 [root] WARNING: /job/XJsVh/
2021-05-24 15:02:07 [root] WARNING: /job/XJsVl/
2021-05-24 15:02:07 [root] WARNING: /job/XJsVU/
2021-05-24 15:02:07 [root] WARNING: /job/XXs4z/
2021-05-24 15:02:07 [root] WARNING: /job/Xssbo/
2021-05-24 15:02:09 [root] WARNING: /job/Xssb8/
2021-05-24 15:02:09 [root] WARNING: /job/XMsAF/
2021-05-24 15:02:09 [root] WARNING: /job/XPsLd/
2021-05-24 15:02:09 [root] WARNING: /job/XMsYE/
2021-05-24 15:02:09 [root] WARNING: /job/XMsBS/
2021-05-24 15:02:09 [root] WARNING: /job/XwsvN/
2021-05-24 15:02:09 [root] WARNING: /job/X8sqz/
2021-05-24 15:02:09 [root] WARNING: /job/X3sDn/
2021-05-24 15:02:09 [root] WARNING: /job/XJsCl/
2021-05-24 15:02:09 [root] WARNING: /job/Xwseu/
2021-05-24 15:02:09 [root] WARNING: /job/XwsDH/
2021-05-24 15:02:09 [root] WARNING: /job/XwsZ7/
2021-05-24 15:02:09 [root] WARNING: /job/Xgsr6/
2021-05-24 15:02:09 [root] WARNING: /job/XMsYy/
2021-05-24 15:02:09 [root] WARNING: /job/XesuQ/
2021-05-24 15:02:09 [root] WARNING: /job/XasCk/
2021-05-24 15:02:09 [root] WARNING: /job/Xasnc/
2021-05-24 15:02:09 [root] WARNING: /job/Xasnz/
2021-05-24 15:02:09 [root] WARNING: /job/XasnM/
2021-05-24 15:02:09 [root] WARNING: /job/Xasn3/
2021-05-24 15:02:11 [root] WARNING: /job/X3s7H/
2021-05-24 15:02:11 [root] WARNING: /job/X7se8/
2021-05-24 15:02:11 [root] WARNING: /job/XPsLL/
2021-05-24 15:02:12 [root] WARNING: /job/XasBz/
2021-05-24 15:02:12 [root] WARNING: /job/X8s8o/
2021-05-24 15:02:12 [root] WARNING: /job/XMsfX/
2021-05-24 15:02:12 [root] WARNING: /job/XMsfA/
2021-05-24 15:02:12 [root] WARNING: /job/XMsfI/
2021-05-24 15:02:12 [root] WARNING: /job/XMspU/
2021-05-24 15:02:12 [root] WARNING: /job/XEs82/
2021-05-24 15:02:13 [root] WARNING: /job/XBsp8/
2021-05-24 15:02:13 [root] WARNING: /job/XBspC/
2021-05-24 15:02:13 [root] WARNING: /job/XBspb/
2021-05-24 15:02:13 [root] WARNING: /job/XdsFW/
2021-05-24 15:02:14 [root] WARNING: /job/Xxs5B/
2021-05-24 15:02:14 [root] WARNING: /job/X8sju/
2021-05-24 15:02:14 [root] WARNING: /job/X8sjh/
2021-05-24 15:02:14 [root] WARNING: /job/X8sj2/
2021-05-24 15:02:14 [root] WARNING: /job/X8sjl/
2021-05-24 15:02:14 [root] WARNING: /job/X8sjk/
2021-05-24 15:02:14 [root] WARNING: /job/X8sjC/
2021-05-24 15:02:14 [root] WARNING: /job/X8sjt/
2021-05-24 15:02:14 [root] WARNING: /job/X8sjn/
2021-05-24 15:02:14 [root] WARNING: /job/X8sjU/
2021-05-24 15:02:14 [root] WARNING: /job/XosZI/
2021-05-24 15:02:14 [root] WARNING: /job/X8s1P/
2021-05-24 15:02:14 [root] WARNING: /job/XBsnz/
2021-05-24 15:02:14 [root] WARNING: /job/XBsn2/
2021-05-24 15:02:14 [root] WARNING: /job/XosAG/
2021-05-24 15:02:15 [root] WARNING: /job/XgsrN/
2021-05-24 15:02:15 [root] WARNING: /job/XEsUb/
2021-05-24 15:02:15 [root] WARNING: /job/XssbD/
2021-05-24 15:02:15 [root] WARNING: /job/XKsOn/
2021-05-24 15:02:15 [root] WARNING: /job/XKsW8/
2021-05-24 15:02:15 [root] WARNING: /job/XKsLA/
2021-05-24 15:02:15 [root] WARNING: /job/XKsO9/
2021-05-24 15:02:15 [root] WARNING: /job/XKsFK/
2021-05-24 15:02:15 [root] WARNING: /job/XKsLE/
2021-05-24 15:02:16 [root] WARNING: /job/XKsWx/
2021-05-24 15:02:16 [root] WARNING: /job/XKsLq/
2021-05-24 15:02:16 [root] WARNING: /job/XKsO0/
2021-05-24 15:02:16 [root] WARNING: /job/XKsFR/
2021-05-24 15:02:16 [root] WARNING: /job/XKsFS/
2021-05-24 15:02:16 [root] WARNING: /job/XKsOd/
2021-05-24 15:02:16 [root] WARNING: /job/XKsLN/
2021-05-24 15:02:16 [root] WARNING: /job/XKsFO/
2021-05-24 15:02:16 [root] WARNING: /job/XKsOB/
2021-05-24 15:02:16 [root] WARNING: /job/XKsLe/
2021-05-24 15:02:16 [root] WARNING: /job/XKsWW/
2021-05-24 15:02:16 [root] WARNING: /job/XKsFE/
2021-05-24 15:02:16 [root] WARNING: /job/XKsRE/
2021-05-24 15:02:16 [root] WARNING: /job/XKsFY/
2021-05-24 15:02:17 [root] WARNING: /job/X8s6l/
2021-05-24 15:02:17 [root] WARNING: /job/XBs0W/
2021-05-24 15:02:17 [root] WARNING: /job/Xis6O/
2021-05-24 15:02:17 [root] WARNING: /job/Xissr/
2021-05-24 15:02:19 [root] WARNING: /job/Xis6L/
2021-05-24 15:02:19 [root] WARNING: /job/Xis6W/
2021-05-24 15:02:19 [root] WARNING: /job/XissN/
2021-05-24 15:02:19 [root] WARNING: /job/Xissy/
2021-05-24 15:02:19 [root] WARNING: /job/Xds5N/
2021-05-24 15:02:19 [root] WARNING: /job/Xissq/
2021-05-24 15:02:19 [root] WARNING: /job/XwsZP/
2021-05-24 15:02:19 [root] WARNING: /job/XwsZJ/
2021-05-24 15:02:19 [root] WARNING: /job/XwsZi/
2021-05-24 15:02:19 [root] WARNING: /job/XYs2A/
2021-05-24 15:02:19 [root] WARNING: /job/XQsyZ/
2021-05-24 15:02:19 [root] WARNING: /job/XQsyg/
2021-05-24 15:02:19 [root] WARNING: /job/XQsyq/
2021-05-24 15:02:19 [root] WARNING: /job/XQssj/
2021-05-24 15:02:19 [root] WARNING: /job/XQsHd/
2021-05-24 15:02:19 [root] WARNING: /job/XDs9g/
2021-05-24 15:02:21 [root] WARNING: /job/XJs50/
2021-05-24 15:02:21 [root] WARNING: /job/XdsAY/
2021-05-24 15:02:21 [root] WARNING: /job/XBsTA/
2021-05-24 15:02:21 [root] WARNING: /job/XBsTI/
2021-05-24 15:02:21 [root] WARNING: /job/XBsTY/
2021-05-24 15:02:21 [root] WARNING: /job/XZsrl/
2021-05-24 15:02:21 [root] WARNING: /job/XZsrG/
2021-05-24 15:02:21 [root] WARNING: /job/XmsZ8/
2021-05-24 15:02:21 [root] WARNING: /job/XBspO/
2021-05-24 15:02:22 [root] WARNING: /job/XBspR/
2021-05-24 15:02:22 [root] WARNING: /job/XBspG/
2021-05-24 15:02:22 [root] WARNING: /job/XBsp1/
2021-05-24 15:02:22 [root] WARNING: /job/XBspc/
2021-05-24 15:02:22 [root] WARNING: /job/XBspz/
2021-05-24 15:02:22 [root] WARNING: /job/XBsph/
2021-05-24 15:02:22 [root] WARNING: /job/XBspU/
2021-05-24 15:02:22 [root] WARNING: /job/XBsp2/
2021-05-24 15:02:22 [root] WARNING: /job/XBspl/
2021-05-24 15:02:22 [root] WARNING: /job/XBspu/
2021-05-24 15:02:22 [root] WARNING: /job/XBspB/
2021-05-24 15:02:22 [root] WARNING: /job/XBspd/
2021-05-24 15:02:22 [root] WARNING: /job/XBspo/
2021-05-24 15:02:22 [root] WARNING: /job/XBspP/
2021-05-24 15:02:22 [root] WARNING: /job/XBspJ/
2021-05-24 15:02:22 [root] WARNING: /job/XBsp9/
2021-05-24 15:02:22 [root] WARNING: /job/XBspa/
2021-05-24 15:02:22 [root] WARNING: /job/XBspi/
2021-05-24 15:02:22 [root] WARNING: /job/XBsp7/
2021-05-24 15:02:26 [root] WARNING: /job/XKsF0/
2021-05-24 15:02:26 [root] WARNING: /job/XKsL5/
2021-05-24 15:02:26 [root] WARNING: /job/XKsLY/
2021-05-24 15:02:26 [root] WARNING: /job/XKsF9/
2021-05-24 15:02:26 [root] WARNING: /job/XKsFA/
2021-05-24 15:02:26 [root] WARNING: /job/XKsFV/
2021-05-24 15:02:26 [root] WARNING: /job/XKsO8/
2021-05-24 15:02:26 [root] WARNING: /job/XdszY/
2021-05-24 15:02:27 [root] WARNING: /job/Xds1Q/
2021-05-24 15:02:27 [root] WARNING: /job/Xds1E/
2021-05-24 15:02:27 [root] WARNING: /job/Xds1g/
2021-05-24 15:02:27 [root] WARNING: /job/Xds1V/
2021-05-24 15:02:27 [root] WARNING: /job/Xds19/
2021-05-24 15:02:27 [root] WARNING: /job/Xds13/
2021-05-24 15:02:27 [root] WARNING: /job/Xds1S/
2021-05-24 15:02:27 [root] WARNING: /job/Xds1a/
2021-05-24 15:02:27 [root] WARNING: /job/Xssh8/
2021-05-24 15:02:27 [root] WARNING: /job/Xsshx/
2021-05-24 15:02:27 [root] WARNING: /job/Xdszy/
2021-05-24 15:02:27 [root] WARNING: /job/XdszV/
2021-05-24 15:02:28 [root] WARNING: /job/XdszS/
2021-05-24 15:02:28 [root] WARNING: /job/XQsSj/
2021-05-24 15:02:29 [root] WARNING: /job/XIszA/
2021-05-24 15:02:29 [root] WARNING: /job/XdsTf/
2021-05-24 15:02:29 [root] WARNING: /job/XdsHg/
2021-05-24 15:02:30 [root] WARNING: /job/XZsnt/
2021-05-24 15:02:30 [root] WARNING: /job/XYsmG/
2021-05-24 15:02:30 [root] WARNING: /job/XYsdT/
2021-05-24 15:02:30 [root] WARNING: /job/XgspM/
2021-05-24 15:02:32 [root] WARNING: /job/XosAU/
2021-05-24 15:02:32 [root] WARNING: /job/XosJ1/
2021-05-24 15:02:33 [root] WARNING: /job/XPsRn/
2021-05-24 15:02:33 [root] WARNING: /job/XosA1/
2021-05-24 15:02:35 [root] WARNING: /job/XVsmd/
2021-05-24 15:02:37 [root] WARNING: /job/XwsFV/
2021-05-24 15:02:37 [root] WARNING: /job/XwsFg/
2021-05-24 15:02:37 [root] WARNING: /job/Xwsbz/
2021-05-24 15:02:37 [root] WARNING: /job/Xwsbh/
2021-05-24 15:02:37 [root] WARNING: /job/Xsscc/
2021-05-24 15:02:37 [root] WARNING: /job/Xssc1/
2021-05-24 15:02:37 [root] WARNING: /job/XisLU/
2021-05-24 15:02:37 [root] WARNING: /job/XPsEr/
2021-05-24 15:02:37 [root] WARNING: /job/XPsEs/
2021-05-24 15:02:37 [root] WARNING: /job/X7sbu/
2021-05-24 15:02:38 [root] WARNING: /job/Xis9p/
2021-05-24 15:02:39 [root] WARNING: /job/Xwskn/
2021-05-24 15:02:44 [root] WARNING: /job/XJsDA/
2021-05-24 15:02:44 [root] WARNING: /job/XasY8/
2021-05-24 15:02:45 [root] WARNING: /job/XysDM/
2021-05-24 15:02:51 [root] WARNING: /job/XPs6U/
2021-05-24 15:02:51 [root] WARNING: /job/XYsmk/
2021-05-24 15:02:52 [root] WARNING: /job/XisTX/
2021-05-24 15:02:52 [root] WARNING: /job/XKsFN/
2021-05-24 15:02:55 [root] WARNING: /job/XPs6b/
2021-05-24 15:02:55 [root] WARNING: /job/X7s0Y/
2021-05-24 15:02:55 [root] WARNING: /job/XZsyg/
2021-05-24 15:02:56 [root] WARNING: /job/XAsw8/
2021-05-24 15:02:56 [root] WARNING: /job/XAswh/
2021-05-24 15:02:56 [root] WARNING: /job/XgsZy/
2021-05-24 15:02:57 [root] WARNING: /job/XisVy/
2021-05-24 15:02:57 [root] WARNING: /job/X7sNM/
2021-05-24 15:02:57 [root] WARNING: /job/X7sNx/
2021-05-24 15:02:57 [root] WARNING: /job/Xss1K/
2021-05-24 15:02:57 [root] WARNING: /job/XQsUw/
2021-05-24 15:02:57 [root] WARNING: /job/XQsUt/
2021-05-24 15:02:59 [root] WARNING: /job/XisVe/
2021-05-24 15:02:59 [root] WARNING: /job/XisVT/
2021-05-24 15:03:00 [root] WARNING: /job/XPsFh/
2021-05-24 15:03:00 [root] WARNING: /job/XTsXX/
2021-05-24 15:03:03 [root] WARNING: /job/XEsZV/
2021-05-24 15:03:03 [root] WARNING: /job/XEsZs/
2021-05-24 15:03:03 [root] WARNING: /job/XEsZe/
2021-05-24 15:03:03 [root] WARNING: /job/XEsZ6/
2021-05-24 15:03:03 [root] WARNING: /job/XPsWT/
2021-05-24 15:03:03 [root] WARNING: /job/XYsAi/
2021-05-24 15:03:03 [root] WARNING: /job/XPs6z/
2021-05-24 15:03:05 [root] WARNING: /job/XDsKi/
2021-05-24 15:03:05 [root] WARNING: /job/XZsXf/
2021-05-24 15:03:05 [root] WARNING: /job/XZsXN/
2021-05-24 15:03:05 [root] WARNING: /job/X3soz/
2021-05-24 15:03:05 [root] WARNING: /job/XysvU/
2021-05-24 15:03:05 [root] WARNING: /job/XasdT/
2021-05-24 15:03:05 [root] WARNING: /job/Xasdy/
2021-05-24 15:03:14 [root] WARNING: /job/XAsXZ/
2021-05-24 15:03:14 [root] WARNING: /job/XAsS5/
2021-05-24 15:03:14 [root] WARNING: /job/XAsmd/
2021-05-24 15:03:14 [root] WARNING: /job/XAsXj/
2021-05-24 15:03:14 [root] WARNING: /job/XAsXH/
2021-05-24 15:03:14 [root] WARNING: /job/XAsAl/
2021-05-24 15:03:14 [root] WARNING: /job/Xgsw3/
2021-05-24 15:03:14 [root] WARNING: /job/XAsfC/
2021-05-24 15:03:14 [root] WARNING: /job/XSs0Y/
2021-05-24 15:03:14 [root] WARNING: /job/XsshF/
2021-05-24 15:03:14 [root] WARNING: /job/XesTB/
2021-05-24 15:03:15 [root] WARNING: /job/XIs2F/
2021-05-24 15:03:15 [root] WARNING: /job/XIs2R/
2021-05-24 15:03:15 [root] WARNING: /job/XIs21/
2021-05-24 15:03:15 [root] WARNING: /job/XIs2u/
2021-05-24 15:03:15 [root] WARNING: /job/XPsyw/
2021-05-24 15:03:15 [root] WARNING: /job/Xasz6/
2021-05-24 15:03:17 [root] WARNING: /job/XPsIh/
2021-05-24 15:03:17 [root] WARNING: /job/XZsRj/
2021-05-24 15:03:17 [root] WARNING: /job/X3sJN/
2021-05-24 15:03:17 [root] WARNING: /job/X3sJI/
2021-05-24 15:03:17 [root] WARNING: /job/X3six/
2021-05-24 15:03:17 [root] WARNING: /job/X3sJE/
2021-05-24 15:03:17 [root] WARNING: /job/X3sJY/
2021-05-24 15:03:17 [root] WARNING: /job/X3sid/
2021-05-24 15:03:17 [root] WARNING: /job/X3sJZ/
2021-05-24 15:03:17 [root] WARNING: /job/X3siL/
2021-05-24 15:03:17 [root] WARNING: /job/X3sJQ/
2021-05-24 15:03:18 [root] WARNING: /job/XKsLI/
2021-05-24 15:03:18 [root] WARNING: /job/XKsLZ/
2021-05-24 15:03:18 [root] WARNING: /job/XKsLQ/
2021-05-24 15:03:18 [root] WARNING: /job/XKsLV/
2021-05-24 15:03:18 [root] WARNING: /job/XKsLD/
2021-05-24 15:03:18 [root] WARNING: /job/XKsLT/
2021-05-24 15:03:18 [root] WARNING: /job/XKsLy/
2021-05-24 15:03:18 [root] WARNING: /job/XKsLs/
2021-05-24 15:03:18 [root] WARNING: /job/XKsL6/
2021-05-24 15:03:18 [root] WARNING: /job/XKsLp/
2021-05-24 15:03:18 [root] WARNING: /job/XKsLr/
2021-05-24 15:03:18 [root] WARNING: /job/XKsLv/
2021-05-24 15:03:18 [root] WARNING: /job/XKsL4/
2021-05-24 15:03:18 [root] WARNING: /job/XKsLH/
2021-05-24 15:03:18 [root] WARNING: /job/XKsOL/
2021-05-24 15:03:18 [root] WARNING: /job/XKsOO/
2021-05-24 15:03:18 [root] WARNING: /job/XKsOF/
2021-05-24 15:03:18 [root] WARNING: /job/XKsOW/
2021-05-24 15:03:18 [root] WARNING: /job/XKsOR/
2021-05-24 15:03:18 [root] WARNING: /job/XKsOG/
2021-05-24 15:03:19 [root] WARNING: /job/XKsOM/
2021-05-24 15:03:19 [root] WARNING: /job/XKsOx/
2021-05-24 15:03:19 [root] WARNING: /job/XKsOo/
2021-05-24 15:03:19 [root] WARNING: /job/XKsOJ/
2021-05-24 15:03:19 [root] WARNING: /job/XKsOi/
2021-05-24 15:03:19 [root] WARNING: /job/XKsOa/
2021-05-24 15:03:19 [root] WARNING: /job/XKsO3/
2021-05-24 15:03:19 [root] WARNING: /job/XKsOS/
2021-05-24 15:03:19 [root] WARNING: /job/XKsOm/
2021-05-24 15:03:19 [root] WARNING: /job/XKsFL/
2021-05-24 15:03:19 [root] WARNING: /job/XKsFF/
2021-05-24 15:03:19 [root] WARNING: /job/XKsFW/
2021-05-24 15:03:19 [root] WARNING: /job/XKsFG/
2021-05-24 15:03:19 [root] WARNING: /job/XKsFw/
2021-05-24 15:03:19 [root] WARNING: /job/XKsF7/
2021-05-24 15:03:19 [root] WARNING: /job/XKsFP/
2021-05-24 15:03:19 [root] WARNING: /job/XKsFJ/
2021-05-24 15:03:19 [root] WARNING: /job/XKsFi/
2021-05-24 15:03:19 [root] WARNING: /job/XKsF3/
2021-05-24 15:03:19 [root] WARNING: /job/XKsFm/
2021-05-24 15:03:20 [root] WARNING: /job/XKsFX/
2021-05-24 15:03:20 [root] WARNING: /job/XKsFI/
2021-05-24 15:03:20 [root] WARNING: /job/XKsFQ/
2021-05-24 15:03:20 [root] WARNING: /job/XKsFg/
2021-05-24 15:03:20 [root] WARNING: /job/XKsFD/
2021-05-24 15:03:20 [root] WARNING: /job/XKsFe/
2021-05-24 15:03:20 [root] WARNING: /job/XKsFT/
2021-05-24 15:03:20 [root] WARNING: /job/XKsFy/
2021-05-24 15:03:20 [root] WARNING: /job/XKsFs/
2021-05-24 15:03:20 [root] WARNING: /job/XKsWj/
2021-05-24 15:03:20 [root] WARNING: /job/XKsW0/
2021-05-24 15:03:20 [root] WARNING: /job/XKsWL/
2021-05-24 15:03:20 [root] WARNING: /job/XKsWO/
2021-05-24 15:03:20 [root] WARNING: /job/XKsWF/
2021-05-24 15:03:20 [root] WARNING: /job/XKsWR/
2021-05-24 15:03:20 [root] WARNING: /job/XKsWG/
2021-05-24 15:03:20 [root] WARNING: /job/XKsW1/
2021-05-24 15:03:20 [root] WARNING: /job/XKsWl/
2021-05-24 15:03:20 [root] WARNING: /job/XKsWk/
2021-05-24 15:03:20 [root] WARNING: /job/XKsWu/
