2021-05-19 19:42:15 [root] WARNING: http://www.qushigong.com/zhaogong/gd/z1427112.html
2021-05-19 19:42:15 [root] WARNING: http://www.qushigong.com/zhaogong/xj/z1427111.html
2021-05-19 19:42:15 [root] WARNING: http://www.qushigong.com/zhaogong/cq/z1427051.html
2021-05-19 19:42:15 [root] WARNING: http://www.qushigong.com/zhaogong/sc/z1427110.html
2021-05-19 19:42:15 [root] WARNING: http://www.qushigong.com/zhaogong/tj/z1427109.html
2021-05-19 19:42:15 [root] WARNING: http://www.qushigong.com/zhaogong/sc/z1427108.html
2021-05-19 19:42:15 [root] WARNING: http://www.qushigong.com/zhaogong/sd/z1427107.html
2021-05-19 19:42:15 [root] WARNING: http://www.qushigong.com/zhaogong/sc/z1427106.html
2021-05-19 19:42:15 [root] WARNING: http://www.qushigong.com/zhaogong/gx/z1427100.html
2021-05-19 19:42:15 [root] WARNING: http://www.qushigong.com/zhaogong/sd/z1427105.html
2021-05-19 19:42:15 [root] WARNING: http://www.qushigong.com/zhaogong/sc/z1427104.html
2021-05-19 19:42:15 [root] WARNING: http://www.qushigong.com/zhaogong/ah/z1427103.html
2021-05-19 19:42:15 [root] WARNING: http://www.qushigong.com/zhaogong/shanxi/z1427101.html
2021-05-19 19:42:15 [root] WARNING: http://www.qushigong.com/zhaogong/sc/z1427102.html
2021-05-19 19:42:15 [root] WARNING: http://www.qushigong.com/zhaogong/hebei/z1427099.html
2021-05-19 19:42:15 [root] WARNING: http://www.qushigong.com/zhaogong/bj/z1427098.html
2021-05-19 19:42:15 [root] WARNING: http://www.qushigong.com/zhaogong/js/z1427097.html
2021-05-19 19:42:15 [root] WARNING: http://www.qushigong.com/zhaogong/shanxi/z1427096.html
2021-05-19 19:42:15 [root] WARNING: http://www.qushigong.com/zhaogong/bj/z1427095.html
2021-05-19 19:42:15 [root] WARNING: http://www.qushigong.com/zhaogong/hebei/z1427094.html
2021-05-19 19:42:15 [root] WARNING: http://www.qushigong.com/zhaogong/shanxi/z1427093.html
2021-05-19 19:42:15 [root] WARNING: http://www.qushigong.com/zhaogong/sc/z1427092.html
2021-05-19 19:42:15 [root] WARNING: http://www.qushigong.com/zhaogong/cq/z1427091.html
2021-05-19 19:42:15 [root] WARNING: http://www.qushigong.com/zhaogong/js/z1427090.html
2021-05-19 19:42:15 [root] WARNING: http://www.qushigong.com/zhaogong/fj/z1427089.html
2021-05-19 19:42:15 [root] WARNING: http://www.qushigong.com/zhaogong/gd/z1427088.html
2021-05-19 19:42:15 [root] WARNING: http://www.qushigong.com/zhaogong/shanxi/z1427087.html
2021-05-19 19:42:15 [root] WARNING: http://www.qushigong.com/zhaogong/ah/z1425283.html
2021-05-19 19:42:15 [root] WARNING: http://www.qushigong.com/zhaogong/gd/z1427086.html
2021-05-19 19:42:15 [root] WARNING: http://www.qushigong.com/zhaogong/shanxi/z1427085.html
2021-05-19 19:42:15 [root] WARNING: http://www.qushigong.com/zhaogong/gd/z1427084.html
2021-05-19 19:42:15 [root] WARNING: http://www.qushigong.com/zhaogong/zj/z1427083.html
2021-05-19 19:42:15 [root] WARNING: http://www.qushigong.com/zhaogong/cq/z1427082.html
2021-05-19 19:42:15 [root] WARNING: http://www.qushigong.com/zhaogong/sc/z1427081.html
2021-05-19 19:42:15 [root] WARNING: http://www.qushigong.com/zhaogong/fj/z1427080.html
2021-05-19 19:42:15 [root] WARNING: http://www.qushigong.com/zhaogong/fj/z1427079.html
2021-05-19 19:42:15 [root] WARNING: http://www.qushigong.com/zhaogong/shanxi/z1427078.html
2021-05-19 19:42:15 [root] WARNING: http://www.qushigong.com/zhaogong/sh/z1427077.html
2021-05-19 19:42:15 [root] WARNING: http://www.qushigong.com/zhaogong/ah/z1427076.html
2021-05-19 19:42:15 [root] WARNING: http://www.qushigong.com/zhaogong/shanxi/z1427075.html
