2021-05-18 22:38:11 [root] WARNING: http://www.qushigong.com/zhaogong/gd/z1427054.html
2021-05-18 22:38:11 [root] WARNING: http://www.qushigong.com/zhaogong/fj/z1427056.html
2021-05-18 22:38:11 [root] WARNING: http://www.qushigong.com/zhaogong/fj/z1427055.html
2021-05-18 22:38:11 [root] WARNING: http://www.qushigong.com/zhaogong/gd/z1427046.html
2021-05-18 22:38:11 [root] WARNING: http://www.qushigong.com/zhaogong/sd/z1427053.html
2021-05-18 22:38:11 [root] WARNING: http://www.qushigong.com/zhaogong/hb/z1427052.html
2021-05-18 22:38:11 [root] WARNING: http://www.qushigong.com/zhaogong/cq/z1427051.html
2021-05-18 22:38:11 [root] WARNING: http://www.qushigong.com/zhaogong/gx/z1425176.html
2021-05-18 22:38:11 [root] WARNING: http://www.qushigong.com/zhaogong/gx/z1427050.html
2021-05-18 22:38:11 [root] WARNING: http://www.qushigong.com/zhaogong/jl/z1427049.html
2021-05-18 22:38:11 [root] WARNING: http://www.qushigong.com/zhaogong/zj/z1427039.html
2021-05-18 22:38:11 [root] WARNING: http://www.qushigong.com/zhaogong/gd/z1427048.html
2021-05-18 22:38:11 [root] WARNING: http://www.qushigong.com/zhaogong/shanxi/z1427047.html
2021-05-18 22:38:11 [root] WARNING: http://www.qushigong.com/zhaogong/shanxi/z1427045.html
2021-05-18 22:38:11 [root] WARNING: http://www.qushigong.com/zhaogong/cq/z1427044.html
2021-05-18 22:38:11 [root] WARNING: http://www.qushigong.com/zhaogong/gz/z1427043.html
2021-05-18 22:38:11 [root] WARNING: http://www.qushigong.com/zhaogong/cq/z1427042.html
2021-05-18 22:38:11 [root] WARNING: http://www.qushigong.com/zhaogong/gz/z1427041.html
2021-05-18 22:38:11 [root] WARNING: http://www.qushigong.com/zhaogong/cq/z1427040.html
2021-05-18 22:38:11 [root] WARNING: http://www.qushigong.com/zhaogong/hn/z1427038.html
2021-05-18 22:38:15 [root] WARNING: http://www.qushigong.com/zhaogong/gd/z1427037.html
2021-05-18 22:38:15 [root] WARNING: http://www.qushigong.com/zhaogong/js/z1427034.html
2021-05-18 22:38:15 [root] WARNING: http://www.qushigong.com/zhaogong/shanxi/z1427036.html
2021-05-18 22:38:15 [root] WARNING: http://www.qushigong.com/zhaogong/sc/z1427035.html
2021-05-18 22:38:15 [root] WARNING: http://www.qushigong.com/zhaogong/js/z1323452.html
2021-05-18 22:38:15 [root] WARNING: http://www.qushigong.com/zhaogong/ah/z1427033.html
2021-05-18 22:38:15 [root] WARNING: http://www.qushigong.com/zhaogong/henan/z1427032.html
2021-05-18 22:38:15 [root] WARNING: http://www.qushigong.com/zhaogong/hebei/z1427031.html
2021-05-18 22:38:15 [root] WARNING: http://www.qushigong.com/zhaogong/sd/z1427029.html
2021-05-18 22:38:15 [root] WARNING: http://www.qushigong.com/zhaogong/gd/z1394749.html
2021-05-18 22:38:15 [root] WARNING: http://www.qushigong.com/zhaogong/cq/z1427030.html
2021-05-18 22:38:15 [root] WARNING: http://www.qushigong.com/zhaogong/gd/z1427028.html
2021-05-18 22:38:15 [root] WARNING: http://www.qushigong.com/zhaogong/gd/z1416182.html
2021-05-18 22:38:15 [root] WARNING: http://www.qushigong.com/zhaogong/xg/z1427027.html
2021-05-18 22:38:15 [root] WARNING: http://www.qushigong.com/zhaogong/zj/z1413380.html
2021-05-18 22:38:15 [root] WARNING: http://www.qushigong.com/zhaogong/gd/z1423968.html
2021-05-18 22:38:15 [root] WARNING: http://www.qushigong.com/zhaogong/gd/z1339841.html
2021-05-18 22:38:15 [root] WARNING: http://www.qushigong.com/zhaogong/henan/z1423602.html
2021-05-18 22:38:15 [root] WARNING: http://www.qushigong.com/zhaogong/hb/z1416737.html
2021-05-18 22:38:15 [root] WARNING: http://www.qushigong.com/zhaogong/henan/z1427026.html
